<?xml version="1.0" encoding="UTF-8"?>
<!-- Generated by org.testng.reporters.JUnitReportReporter -->
<testsuite skipped="1" hostname="Ashish-PC" name="com.restful.get.GetData" tests="2" failures="0" timestamp="19 Aug 2018 11:59:34 GMT" time="4.587" errors="0">
  <testcase name="testResponseBody" time="4.587" classname="com.restful.get.GetData"/>
  <testcase name="testGetWeatherData" classname="com.restful.get.GetData">
    <skipped/>
  </testcase> <!-- testGetWeatherData -->
</testsuite> <!-- com.restful.get.GetData -->
