<?xml version="1.0" encoding="UTF-8"?>
<!-- Generated by org.testng.reporters.JUnitReportReporter -->
<testsuite skipped="1" hostname="Ashish-PC" name="com.restful.get.PlayWithRestAssured" tests="5" failures="0" timestamp="19 Aug 2018 17:49:58 GMT" time="5.734" errors="0">
  <testcase name="testPostMethod" time="0.506" classname="com.restful.get.PlayWithRestAssured"/>
  <testcase name="testDeleteMethod" time="2.449" classname="com.restful.get.PlayWithRestAssured"/>
  <testcase name="testPutMethod" time="0.579" classname="com.restful.get.PlayWithRestAssured"/>
  <testcase name="testGetMethod" time="2.200" classname="com.restful.get.PlayWithRestAssured"/>
  <testcase name="testGetWeatherData" classname="com.restful.get.PlayWithRestAssured">
    <skipped/>
  </testcase> <!-- testGetWeatherData -->
</testsuite> <!-- com.restful.get.PlayWithRestAssured -->
