<?xml version="1.0" encoding="UTF-8"?>
<!-- Generated by org.testng.reporters.JUnitReportReporter -->
<testsuite skipped="0" hostname="Ashish-PC" name="com.rest.get.GetData" tests="2" failures="0" timestamp="19 Aug 2018 10:24:54 GMT" time="4.605" errors="0">
  <testcase name="testGetWeatherData" time="3.366" classname="com.rest.get.GetData"/>
  <testcase name="testResponseBody" time="1.239" classname="com.rest.get.GetData"/>
</testsuite> <!-- com.rest.get.GetData -->
